0 info it worked if it ends with ok
1 verbose cli [ '/usr/bin/nodejs', '/usr/bin/npm', 'install', 'client-session' ]
2 info using npm@4.1.2
3 info using node@v7.5.0
4 silly loadCurrentTree Starting
5 silly install loadCurrentTree
6 silly install readLocalPackageData
7 silly fetchPackageMetaData client-session
8 silly fetchNamedPackageData client-session
9 silly mapToRegistry name client-session
10 silly mapToRegistry using default registry
11 silly mapToRegistry registry https://registry.npmjs.org/
12 silly mapToRegistry data Result {
12 silly mapToRegistry   raw: 'client-session',
12 silly mapToRegistry   scope: null,
12 silly mapToRegistry   escapedName: 'client-session',
12 silly mapToRegistry   name: 'client-session',
12 silly mapToRegistry   rawSpec: '',
12 silly mapToRegistry   spec: 'latest',
12 silly mapToRegistry   type: 'tag' }
13 silly mapToRegistry uri https://registry.npmjs.org/client-session
14 verbose request uri https://registry.npmjs.org/client-session
15 verbose request no auth needed
16 info attempt registry request try #1 at 4:43:04 PM
17 verbose request id 1ea8f96c6c711cf3
18 verbose etag W/"582543bb-45ea"
19 verbose lastModified Fri, 11 Nov 2016 04:06:19 GMT
20 http request GET https://registry.npmjs.org/client-session
21 http 304 https://registry.npmjs.org/client-session
22 verbose headers { date: 'Thu, 23 Feb 2017 09:43:04 GMT',
22 verbose headers   via: '1.1 varnish',
22 verbose headers   'cache-control': 'max-age=300',
22 verbose headers   etag: 'W/"582543bb-45ea"',
22 verbose headers   age: '117',
22 verbose headers   connection: 'keep-alive',
22 verbose headers   'x-served-by': 'cache-sin6923-SIN',
22 verbose headers   'x-cache': 'HIT',
22 verbose headers   'x-cache-hits': '1',
22 verbose headers   'x-timer': 'S1487842984.698106,VS0,VE0',
22 verbose headers   vary: 'Accept-Encoding' }
23 silly get cb [ 304,
23 silly get   { date: 'Thu, 23 Feb 2017 09:43:04 GMT',
23 silly get     via: '1.1 varnish',
23 silly get     'cache-control': 'max-age=300',
23 silly get     etag: 'W/"582543bb-45ea"',
23 silly get     age: '117',
23 silly get     connection: 'keep-alive',
23 silly get     'x-served-by': 'cache-sin6923-SIN',
23 silly get     'x-cache': 'HIT',
23 silly get     'x-cache-hits': '1',
23 silly get     'x-timer': 'S1487842984.698106,VS0,VE0',
23 silly get     vary: 'Accept-Encoding' } ]
24 verbose etag https://registry.npmjs.org/client-session from cache
25 verbose get saving client-session to /root/.npm/registry.npmjs.org/client-session/.cache.json
26 verbose correctMkdir /root/.npm correctMkdir not in flight; initializing
27 silly install normalizeTree
28 silly loadCurrentTree Finishing
29 silly loadIdealTree Starting
30 silly install loadIdealTree
31 silly cloneCurrentTree Starting
32 silly install cloneCurrentTreeToIdealTree
33 silly cloneCurrentTree Finishing
34 silly loadShrinkwrap Starting
35 silly install loadShrinkwrap
36 silly loadShrinkwrap Finishing
37 silly loadAllDepsIntoIdealTree Starting
38 silly install loadAllDepsIntoIdealTree
39 silly resolveWithNewModule client-session@0.1.7 checking installable status
40 silly cache add args [ 'client-session', null ]
41 verbose cache add spec client-session
42 silly cache add parsed spec Result {
42 silly cache add   raw: 'client-session',
42 silly cache add   scope: null,
42 silly cache add   escapedName: 'client-session',
42 silly cache add   name: 'client-session',
42 silly cache add   rawSpec: '',
42 silly cache add   spec: 'latest',
42 silly cache add   type: 'tag' }
43 silly addNamed client-session@latest
44 verbose addNamed "latest" is being treated as a dist-tag for client-session
45 info addNameTag [ 'client-session', 'latest' ]
46 silly mapToRegistry name client-session
47 silly mapToRegistry using default registry
48 silly mapToRegistry registry https://registry.npmjs.org/
49 silly mapToRegistry data Result {
49 silly mapToRegistry   raw: 'client-session',
49 silly mapToRegistry   scope: null,
49 silly mapToRegistry   escapedName: 'client-session',
49 silly mapToRegistry   name: 'client-session',
49 silly mapToRegistry   rawSpec: '',
49 silly mapToRegistry   spec: 'latest',
49 silly mapToRegistry   type: 'tag' }
50 silly mapToRegistry uri https://registry.npmjs.org/client-session
51 verbose addNameTag registry:https://registry.npmjs.org/client-session not in flight; fetching
52 verbose get https://registry.npmjs.org/client-session not expired, no request
53 silly addNameTag next cb for client-session with tag latest
54 silly addNamed client-session@0.1.7
55 verbose addNamed "0.1.7" is a plain semver version for client-session
56 silly cache afterAdd client-session@0.1.7
57 verbose afterAdd /root/.npm/client-session/0.1.7/package/package.json not in flight; writing
58 verbose correctMkdir /root/.npm correctMkdir not in flight; initializing
59 verbose afterAdd /root/.npm/client-session/0.1.7/package/package.json written
60 silly fetchNamedPackageData cookie
61 silly mapToRegistry name cookie
62 silly mapToRegistry using default registry
63 silly mapToRegistry registry https://registry.npmjs.org/
64 silly mapToRegistry data Result {
64 silly mapToRegistry   raw: 'cookie',
64 silly mapToRegistry   scope: null,
64 silly mapToRegistry   escapedName: 'cookie',
64 silly mapToRegistry   name: 'cookie',
64 silly mapToRegistry   rawSpec: '',
64 silly mapToRegistry   spec: 'latest',
64 silly mapToRegistry   type: 'tag' }
65 silly mapToRegistry uri https://registry.npmjs.org/cookie
66 verbose request uri https://registry.npmjs.org/cookie
67 verbose request no auth needed
68 info attempt registry request try #1 at 4:43:05 PM
69 verbose etag W/"588dca63-8090"
70 verbose lastModified Sun, 29 Jan 2017 10:56:35 GMT
71 http request GET https://registry.npmjs.org/cookie
72 http 304 https://registry.npmjs.org/cookie
73 verbose headers { date: 'Thu, 23 Feb 2017 09:43:05 GMT',
73 verbose headers   via: '1.1 varnish',
73 verbose headers   'cache-control': 'max-age=300',
73 verbose headers   etag: 'W/"588dca63-8090"',
73 verbose headers   age: '27',
73 verbose headers   connection: 'keep-alive',
73 verbose headers   'x-served-by': 'cache-sin6923-SIN',
73 verbose headers   'x-cache': 'HIT',
73 verbose headers   'x-cache-hits': '4',
73 verbose headers   'x-timer': 'S1487842985.170245,VS0,VE0',
73 verbose headers   vary: 'Accept-Encoding' }
74 silly get cb [ 304,
74 silly get   { date: 'Thu, 23 Feb 2017 09:43:05 GMT',
74 silly get     via: '1.1 varnish',
74 silly get     'cache-control': 'max-age=300',
74 silly get     etag: 'W/"588dca63-8090"',
74 silly get     age: '27',
74 silly get     connection: 'keep-alive',
74 silly get     'x-served-by': 'cache-sin6923-SIN',
74 silly get     'x-cache': 'HIT',
74 silly get     'x-cache-hits': '4',
74 silly get     'x-timer': 'S1487842985.170245,VS0,VE0',
74 silly get     vary: 'Accept-Encoding' } ]
75 verbose etag https://registry.npmjs.org/cookie from cache
76 verbose get saving cookie to /root/.npm/registry.npmjs.org/cookie/.cache.json
77 verbose correctMkdir /root/.npm correctMkdir not in flight; initializing
78 silly pickManifestFromRegistryMetadata spec 0.1.2 tag latest versions [ '0.0.0',
78 silly pickManifestFromRegistryMetadata   '0.0.1',
78 silly pickManifestFromRegistryMetadata   '0.0.2',
78 silly pickManifestFromRegistryMetadata   '0.0.3',
78 silly pickManifestFromRegistryMetadata   '0.0.4',
78 silly pickManifestFromRegistryMetadata   '0.0.5',
78 silly pickManifestFromRegistryMetadata   '0.0.6',
78 silly pickManifestFromRegistryMetadata   '0.1.0',
78 silly pickManifestFromRegistryMetadata   '0.1.1',
78 silly pickManifestFromRegistryMetadata   '0.1.2',
78 silly pickManifestFromRegistryMetadata   '0.1.3',
78 silly pickManifestFromRegistryMetadata   '0.2.0',
78 silly pickManifestFromRegistryMetadata   '0.1.4',
78 silly pickManifestFromRegistryMetadata   '0.2.1',
78 silly pickManifestFromRegistryMetadata   '0.1.5',
78 silly pickManifestFromRegistryMetadata   '0.2.2',
78 silly pickManifestFromRegistryMetadata   '0.2.3',
78 silly pickManifestFromRegistryMetadata   '0.2.4',
78 silly pickManifestFromRegistryMetadata   '0.3.0',
78 silly pickManifestFromRegistryMetadata   '0.3.1' ]
79 silly resolveWithNewModule cookie@0.1.2 checking installable status
80 silly cache add args [ 'cookie@0.1.2', null ]
81 verbose cache add spec cookie@0.1.2
82 silly cache add parsed spec Result {
82 silly cache add   raw: 'cookie@0.1.2',
82 silly cache add   scope: null,
82 silly cache add   escapedName: 'cookie',
82 silly cache add   name: 'cookie',
82 silly cache add   rawSpec: '0.1.2',
82 silly cache add   spec: '0.1.2',
82 silly cache add   type: 'version' }
83 silly addNamed cookie@0.1.2
84 verbose addNamed "0.1.2" is a plain semver version for cookie
85 silly mapToRegistry name cookie
86 silly mapToRegistry using default registry
87 silly mapToRegistry registry https://registry.npmjs.org/
88 silly mapToRegistry data Result {
88 silly mapToRegistry   raw: 'cookie',
88 silly mapToRegistry   scope: null,
88 silly mapToRegistry   escapedName: 'cookie',
88 silly mapToRegistry   name: 'cookie',
88 silly mapToRegistry   rawSpec: '',
88 silly mapToRegistry   spec: 'latest',
88 silly mapToRegistry   type: 'tag' }
89 silly mapToRegistry uri https://registry.npmjs.org/cookie
90 verbose addNameVersion registry:https://registry.npmjs.org/cookie not in flight; fetching
91 verbose get https://registry.npmjs.org/cookie not expired, no request
92 silly cache afterAdd cookie@0.1.2
93 verbose afterAdd /root/.npm/cookie/0.1.2/package/package.json not in flight; writing
94 verbose correctMkdir /root/.npm correctMkdir not in flight; initializing
95 verbose afterAdd /root/.npm/cookie/0.1.2/package/package.json written
96 silly fetchNamedPackageData fsevents
97 silly mapToRegistry name fsevents
98 silly mapToRegistry using default registry
99 silly mapToRegistry registry https://registry.npmjs.org/
100 silly mapToRegistry data Result {
100 silly mapToRegistry   raw: 'fsevents',
100 silly mapToRegistry   scope: null,
100 silly mapToRegistry   escapedName: 'fsevents',
100 silly mapToRegistry   name: 'fsevents',
100 silly mapToRegistry   rawSpec: '',
100 silly mapToRegistry   spec: 'latest',
100 silly mapToRegistry   type: 'tag' }
101 silly mapToRegistry uri https://registry.npmjs.org/fsevents
102 verbose get https://registry.npmjs.org/fsevents not expired, no request
103 silly pickManifestFromRegistryMetadata spec >=1.0.0 <2.0.0 tag latest versions [ '0.1.1',
103 silly pickManifestFromRegistryMetadata   '0.1.3',
103 silly pickManifestFromRegistryMetadata   '0.1.4',
103 silly pickManifestFromRegistryMetadata   '0.1.5',
103 silly pickManifestFromRegistryMetadata   '0.1.6',
103 silly pickManifestFromRegistryMetadata   '0.2.0',
103 silly pickManifestFromRegistryMetadata   '0.3.0',
103 silly pickManifestFromRegistryMetadata   '0.3.1',
103 silly pickManifestFromRegistryMetadata   '0.3.2',
103 silly pickManifestFromRegistryMetadata   '0.3.3',
103 silly pickManifestFromRegistryMetadata   '0.3.4',
103 silly pickManifestFromRegistryMetadata   '0.3.5',
103 silly pickManifestFromRegistryMetadata   '0.3.6',
103 silly pickManifestFromRegistryMetadata   '0.3.7',
103 silly pickManifestFromRegistryMetadata   '0.3.8',
103 silly pickManifestFromRegistryMetadata   '1.0.0',
103 silly pickManifestFromRegistryMetadata   '1.0.1',
103 silly pickManifestFromRegistryMetadata   '1.0.2',
103 silly pickManifestFromRegistryMetadata   '1.0.3',
103 silly pickManifestFromRegistryMetadata   '1.0.4',
103 silly pickManifestFromRegistryMetadata   '1.0.5',
103 silly pickManifestFromRegistryMetadata   '1.0.6',
103 silly pickManifestFromRegistryMetadata   '1.0.7',
103 silly pickManifestFromRegistryMetadata   '1.0.8',
103 silly pickManifestFromRegistryMetadata   '1.0.9',
103 silly pickManifestFromRegistryMetadata   '1.0.10',
103 silly pickManifestFromRegistryMetadata   '1.0.11',
103 silly pickManifestFromRegistryMetadata   '1.0.12',
103 silly pickManifestFromRegistryMetadata   '1.0.14',
103 silly pickManifestFromRegistryMetadata   '1.0.15',
103 silly pickManifestFromRegistryMetadata   '1.0.17',
103 silly pickManifestFromRegistryMetadata   '1.0.18-0',
103 silly pickManifestFromRegistryMetadata   '1.1.0',
103 silly pickManifestFromRegistryMetadata   '1.1.1' ]
104 silly resolveWithNewModule fsevents@1.1.1 checking installable status
105 silly loadAllDepsIntoIdealTree Finishing
106 silly loadIdealTree Finishing
107 silly currentTree menubar-login@0.0.0
107 silly currentTree ├── abbrev@1.1.0
107 silly currentTree ├── accepts@1.3.3
107 silly currentTree ├── ansi-regex@2.1.1
107 silly currentTree ├── ansi-styles@2.2.1
107 silly currentTree ├── anymatch@1.3.0
107 silly currentTree ├── ap@0.2.0
107 silly currentTree ├── aproba@1.1.1
107 silly currentTree ├── archy@1.0.0
107 silly currentTree ├── are-we-there-yet@1.1.2
107 silly currentTree ├── arr-diff@2.0.0
107 silly currentTree ├── arr-flatten@1.0.1
107 silly currentTree ├── array-differ@1.0.0
107 silly currentTree ├── array-flatten@1.1.1
107 silly currentTree ├── array-uniq@1.0.3
107 silly currentTree ├── array-unique@0.2.1
107 silly currentTree ├── arrify@1.0.1
107 silly currentTree ├── asn1@0.2.3
107 silly currentTree ├── assert-plus@0.2.0
107 silly currentTree ├── async-each@1.0.1
107 silly currentTree ├── asynckit@0.4.0
107 silly currentTree ├── aws-sign2@0.6.0
107 silly currentTree ├── aws4@1.6.0
107 silly currentTree ├── balanced-match@0.4.2
107 silly currentTree ├── base64-url@1.3.3
107 silly currentTree ├── basic-auth@1.0.4
107 silly currentTree ├── bcrypt-pbkdf@1.0.1
107 silly currentTree ├── beeper@1.1.1
107 silly currentTree ├── binary-extensions@1.8.0
107 silly currentTree ├── block-stream@0.0.9
107 silly currentTree ├── bluebird@3.4.7
107 silly currentTree ├─┬ body-parser@1.16.1
107 silly currentTree │ └── qs@6.2.1
107 silly currentTree ├── boom@2.10.1
107 silly currentTree ├── brace-expansion@1.1.6
107 silly currentTree ├── braces@1.8.5
107 silly currentTree ├── buffer-shims@1.0.0
107 silly currentTree ├── buffer-writer@1.0.1
107 silly currentTree ├── builtin-modules@1.1.1
107 silly currentTree ├── bytes@2.4.0
107 silly currentTree ├── camelcase@3.0.0
107 silly currentTree ├── caseless@0.11.0
107 silly currentTree ├── chalk@1.1.3
107 silly currentTree ├── chokidar@1.6.1
107 silly currentTree ├── cli-color@0.3.3
107 silly currentTree ├── cliui@3.2.0
107 silly currentTree ├── clone-stats@0.0.1
107 silly currentTree ├── clone@1.0.2
107 silly currentTree ├── code-point-at@1.1.0
107 silly currentTree ├── combined-stream@1.0.5
107 silly currentTree ├── commander@2.9.0
107 silly currentTree ├── concat-map@0.0.1
107 silly currentTree ├── config-chain@1.1.11
107 silly currentTree ├── configstore@1.4.0
107 silly currentTree ├── console-control-strings@1.1.0
107 silly currentTree ├── content-disposition@0.5.2
107 silly currentTree ├── content-type@1.0.2
107 silly currentTree ├── cookie-parser@1.4.3
107 silly currentTree ├── cookie-signature@1.0.6
107 silly currentTree ├── cookie@0.3.1
107 silly currentTree ├── core-util-is@1.0.2
107 silly currentTree ├── crc@3.4.4
107 silly currentTree ├── cross-env@3.1.4
107 silly currentTree ├── cross-spawn@3.0.1
107 silly currentTree ├── cryptiles@2.0.5
107 silly currentTree ├── d@0.1.1
107 silly currentTree ├─┬ dashdash@1.14.1
107 silly currentTree │ └── assert-plus@1.0.0
107 silly currentTree ├── dateformat@2.0.0
107 silly currentTree ├── debug@2.6.1
107 silly currentTree ├── decamelize@1.2.0
107 silly currentTree ├── deep-extend@0.4.1
107 silly currentTree ├── defaults@1.0.3
107 silly currentTree ├── delayed-stream@1.0.0
107 silly currentTree ├── delegates@1.0.0
107 silly currentTree ├── depd@1.1.0
107 silly currentTree ├── deprecated@0.0.1
107 silly currentTree ├── destroy@1.0.4
107 silly currentTree ├── detect-file@0.1.0
107 silly currentTree ├── dottie@1.1.1
107 silly currentTree ├── duplexer@0.1.1
107 silly currentTree ├─┬ duplexer2@0.0.2
107 silly currentTree │ ├── isarray@0.0.1
107 silly currentTree │ └── readable-stream@1.1.14
107 silly currentTree ├── duplexify@3.5.0
107 silly currentTree ├── ecc-jsbn@0.1.1
107 silly currentTree ├─┬ editorconfig@0.13.2
107 silly currentTree │ └── lru-cache@3.2.0
107 silly currentTree ├── ee-first@1.1.1
107 silly currentTree ├── ejs@2.5.6
107 silly currentTree ├── encodeurl@1.0.1
107 silly currentTree ├── end-of-stream@1.0.0
107 silly currentTree ├── error-ex@1.3.0
107 silly currentTree ├── es5-ext@0.10.12
107 silly currentTree ├── es6-iterator@2.0.0
107 silly currentTree ├── es6-promise@3.3.1
107 silly currentTree ├── es6-symbol@3.1.0
107 silly currentTree ├─┬ es6-weak-map@0.1.4
107 silly currentTree │ ├── es6-iterator@0.1.3
107 silly currentTree │ └── es6-symbol@2.0.1
107 silly currentTree ├── escape-html@1.0.3
107 silly currentTree ├── escape-string-regexp@1.0.5
107 silly currentTree ├── etag@1.7.0
107 silly currentTree ├── event-emitter@0.3.4
107 silly currentTree ├── event-stream@3.3.4
107 silly currentTree ├── expand-brackets@0.1.5
107 silly currentTree ├── expand-range@1.8.2
107 silly currentTree ├── expand-tilde@1.2.2
107 silly currentTree ├── express-session@1.15.1
107 silly currentTree ├─┬ express@4.14.1
107 silly currentTree │ ├── debug@2.2.0
107 silly currentTree │ └── ms@0.7.1
107 silly currentTree ├── extend@3.0.0
107 silly currentTree ├── extglob@0.3.2
107 silly currentTree ├── extsprintf@1.0.2
107 silly currentTree ├── fancy-log@1.3.0
107 silly currentTree ├── filename-regex@2.0.0
107 silly currentTree ├── fill-range@2.2.3
107 silly currentTree ├─┬ finalhandler@0.5.1
107 silly currentTree │ ├── debug@2.2.0
107 silly currentTree │ └── ms@0.7.1
107 silly currentTree ├── find-index@0.1.1
107 silly currentTree ├── find-up@1.1.2
107 silly currentTree ├── findup-sync@0.4.3
107 silly currentTree ├── fined@1.0.2
107 silly currentTree ├── first-chunk-stream@1.0.0
107 silly currentTree ├── flagged-respawn@0.3.2
107 silly currentTree ├── for-in@0.1.6
107 silly currentTree ├── for-own@0.1.4
107 silly currentTree ├── forever-agent@0.6.1
107 silly currentTree ├── form-data@2.1.2
107 silly currentTree ├── forwarded@0.1.0
107 silly currentTree ├── fresh@0.3.0
107 silly currentTree ├── from@0.1.3
107 silly currentTree ├── fs-exists-sync@0.1.0
107 silly currentTree ├── fs-extra@1.0.0
107 silly currentTree ├── fs.realpath@1.0.0
107 silly currentTree ├── fstream@1.0.10
107 silly currentTree ├── gauge@2.7.3
107 silly currentTree ├── gaze@0.5.2
107 silly currentTree ├── generate-function@2.0.0
107 silly currentTree ├── generate-object-property@1.2.0
107 silly currentTree ├── generic-pool@2.4.2
107 silly currentTree ├── get-caller-file@1.0.2
107 silly currentTree ├─┬ getpass@0.1.6
107 silly currentTree │ └── assert-plus@1.0.0
107 silly currentTree ├── glob-base@0.3.0
107 silly currentTree ├── glob-parent@2.0.0
107 silly currentTree ├─┬ glob-stream@3.1.18
107 silly currentTree │ ├── isarray@0.0.1
107 silly currentTree │ ├── minimatch@2.0.10
107 silly currentTree │ ├── readable-stream@1.0.34
107 silly currentTree │ └── through2@0.6.5
107 silly currentTree ├── glob-watcher@0.0.6
107 silly currentTree ├─┬ glob@4.5.3
107 silly currentTree │ └── minimatch@2.0.10
107 silly currentTree ├── glob2base@0.0.12
107 silly currentTree ├── global-modules@0.2.3
107 silly currentTree ├── global-prefix@0.1.5
107 silly currentTree ├─┬ globule@0.1.0
107 silly currentTree │ ├── glob@3.1.21
107 silly currentTree │ ├── graceful-fs@1.2.3
107 silly currentTree │ ├── inherits@1.0.2
107 silly currentTree │ ├── lodash@1.0.2
107 silly currentTree │ ├── lru-cache@2.7.3
107 silly currentTree │ └── minimatch@0.2.14
107 silly currentTree ├── glogg@1.0.0
107 silly currentTree ├─┬ got@3.3.1
107 silly currentTree │ └── object-assign@3.0.0
107 silly currentTree ├── graceful-fs@4.1.11
107 silly currentTree ├── graceful-readlink@1.0.1
107 silly currentTree ├─┬ gulp-help@1.6.1
107 silly currentTree │ └── object-assign@3.0.0
107 silly currentTree ├─┬ gulp-util@3.0.8
107 silly currentTree │ ├── minimist@1.2.0
107 silly currentTree │ └── object-assign@3.0.0
107 silly currentTree ├─┬ gulp@3.9.1
107 silly currentTree │ ├── minimist@1.2.0
107 silly currentTree │ └── semver@4.3.6
107 silly currentTree ├── gulplog@1.0.0
107 silly currentTree ├── har-validator@2.0.6
107 silly currentTree ├── has-ansi@2.0.0
107 silly currentTree ├── has-gulplog@0.1.0
107 silly currentTree ├── has-unicode@2.0.1
107 silly currentTree ├── hawk@3.1.3
107 silly currentTree ├── hoek@2.16.3
107 silly currentTree ├── homedir-polyfill@1.0.1
107 silly currentTree ├── hosted-git-info@2.2.0
107 silly currentTree ├── http-errors@1.5.1
107 silly currentTree ├── http-signature@1.1.1
107 silly currentTree ├── iconv-lite@0.4.15
107 silly currentTree ├── ignore-by-default@1.0.1
107 silly currentTree ├── imurmurhash@0.1.4
107 silly currentTree ├── infinity-agent@2.0.3
107 silly currentTree ├── inflection@1.12.0
107 silly currentTree ├── inflight@1.0.6
107 silly currentTree ├── inherits@2.0.3
107 silly currentTree ├── ini@1.3.4
107 silly currentTree ├── interpret@1.0.1
107 silly currentTree ├── invert-kv@1.0.0
107 silly currentTree ├── ipaddr.js@1.2.0
107 silly currentTree ├── is-absolute@0.2.6
107 silly currentTree ├── is-arrayish@0.2.1
107 silly currentTree ├── is-binary-path@1.0.1
107 silly currentTree ├── is-buffer@1.1.4
107 silly currentTree ├── is-builtin-module@1.0.0
107 silly currentTree ├── is-dotfile@1.0.2
107 silly currentTree ├── is-equal-shallow@0.1.3
107 silly currentTree ├── is-extendable@0.1.1
107 silly currentTree ├── is-extglob@1.0.0
107 silly currentTree ├── is-finite@1.0.2
107 silly currentTree ├── is-fullwidth-code-point@1.0.0
107 silly currentTree ├── is-glob@2.0.1
107 silly currentTree ├── is-my-json-valid@2.15.0
107 silly currentTree ├── is-npm@1.0.0
107 silly currentTree ├── is-number@2.1.0
107 silly currentTree ├── is-posix-bracket@0.1.1
107 silly currentTree ├── is-primitive@2.0.0
107 silly currentTree ├── is-property@1.0.2
107 silly currentTree ├── is-redirect@1.0.0
107 silly currentTree ├── is-relative@0.2.1
107 silly currentTree ├── is-stream@1.1.0
107 silly currentTree ├── is-typedarray@1.0.0
107 silly currentTree ├── is-unc-path@0.1.2
107 silly currentTree ├── is-utf8@0.2.1
107 silly currentTree ├── is-windows@0.2.0
107 silly currentTree ├── isarray@1.0.0
107 silly currentTree ├── isexe@1.1.2
107 silly currentTree ├── isobject@2.1.0
107 silly currentTree ├── isstream@0.1.2
107 silly currentTree ├── jodid25519@1.0.2
107 silly currentTree ├─┬ js-beautify@1.6.11
107 silly currentTree │ └── nopt@3.0.6
107 silly currentTree ├── jsbn@0.1.1
107 silly currentTree ├── json-schema@0.2.3
107 silly currentTree ├── json-stringify-safe@5.0.1
107 silly currentTree ├── jsonfile@2.4.0
107 silly currentTree ├── jsonpointer@4.0.1
107 silly currentTree ├── jsprim@1.3.1
107 silly currentTree ├── kind-of@3.1.0
107 silly currentTree ├── klaw@1.3.1
107 silly currentTree ├── latest-version@1.0.1
107 silly currentTree ├── lcid@1.0.0
107 silly currentTree ├── liftoff@2.3.0
107 silly currentTree ├─┬ load-json-file@1.1.0
107 silly currentTree │ └── strip-bom@2.0.0
107 silly currentTree ├── lodash._baseassign@3.2.0
107 silly currentTree ├── lodash._basecopy@3.0.1
107 silly currentTree ├── lodash._basetostring@3.0.1
107 silly currentTree ├── lodash._basevalues@3.0.0
107 silly currentTree ├── lodash._bindcallback@3.0.1
107 silly currentTree ├── lodash._createassigner@3.1.1
107 silly currentTree ├── lodash._getnative@3.9.1
107 silly currentTree ├── lodash._isiterateecall@3.0.9
107 silly currentTree ├── lodash._reescape@3.0.0
107 silly currentTree ├── lodash._reevaluate@3.0.0
107 silly currentTree ├── lodash._reinterpolate@3.0.0
107 silly currentTree ├── lodash._root@3.0.1
107 silly currentTree ├── lodash.assign@3.2.0
107 silly currentTree ├── lodash.assignwith@4.2.0
107 silly currentTree ├── lodash.defaults@3.1.2
107 silly currentTree ├── lodash.escape@3.2.0
107 silly currentTree ├── lodash.isarguments@3.1.0
107 silly currentTree ├── lodash.isarray@3.0.4
107 silly currentTree ├── lodash.isempty@4.4.0
107 silly currentTree ├── lodash.isplainobject@4.0.6
107 silly currentTree ├── lodash.isstring@4.0.1
107 silly currentTree ├── lodash.keys@3.1.2
107 silly currentTree ├── lodash.mapvalues@4.6.0
107 silly currentTree ├── lodash.pick@4.4.0
107 silly currentTree ├── lodash.restparam@3.6.1
107 silly currentTree ├── lodash.template@3.6.2
107 silly currentTree ├── lodash.templatesettings@3.1.1
107 silly currentTree ├── lodash@4.12.0
107 silly currentTree ├── lowercase-keys@1.0.0
107 silly currentTree ├── lru-cache@4.0.2
107 silly currentTree ├── lru-queue@0.1.0
107 silly currentTree ├── map-cache@0.2.2
107 silly currentTree ├── map-stream@0.1.0
107 silly currentTree ├── media-typer@0.3.0
107 silly currentTree ├── memoizee@0.3.10
107 silly currentTree ├── merge-descriptors@1.0.1
107 silly currentTree ├── methods@1.1.2
107 silly currentTree ├── micromatch@2.3.11
107 silly currentTree ├── mime-db@1.26.0
107 silly currentTree ├── mime-types@2.1.14
107 silly currentTree ├── mime@1.3.4
107 silly currentTree ├── minimatch@3.0.3
107 silly currentTree ├── minimist@0.0.8
107 silly currentTree ├── mkdirp@0.5.1
107 silly currentTree ├── moment-timezone@0.5.11
107 silly currentTree ├── moment@2.17.1
107 silly currentTree ├─┬ morgan@1.7.0
107 silly currentTree │ ├── debug@2.2.0
107 silly currentTree │ └── ms@0.7.1
107 silly currentTree ├── ms@0.7.2
107 silly currentTree ├── multipipe@0.1.2
107 silly currentTree ├── natives@1.1.0
107 silly currentTree ├── negotiator@0.6.1
107 silly currentTree ├── nested-error-stacks@1.0.2
107 silly currentTree ├── next-tick@0.2.2
107 silly currentTree ├─┬ node-gyp@3.5.0
107 silly currentTree │ ├── glob@7.1.1
107 silly currentTree │ └── nopt@3.0.6
107 silly currentTree ├── nodemon@1.11.0
107 silly currentTree ├── nopt@1.0.10
107 silly currentTree ├── normalize-package-data@2.3.5
107 silly currentTree ├── normalize-path@2.0.1
107 silly currentTree ├── npmlog@4.0.2
107 silly currentTree ├── number-is-nan@1.0.1
107 silly currentTree ├── oauth-sign@0.8.2
107 silly currentTree ├── object-assign@4.1.1
107 silly currentTree ├── object.omit@2.0.1
107 silly currentTree ├── on-finished@2.3.0
107 silly currentTree ├── on-headers@1.0.1
107 silly currentTree ├── once@1.3.3
107 silly currentTree ├── optimist@0.3.7
107 silly currentTree ├─┬ orchestrator@0.3.8
107 silly currentTree │ └── end-of-stream@0.1.5
107 silly currentTree ├── ordered-read-streams@0.1.0
107 silly currentTree ├── os-homedir@1.0.2
107 silly currentTree ├── os-locale@1.4.0
107 silly currentTree ├── os-tmpdir@1.0.2
107 silly currentTree ├── osenv@0.1.4
107 silly currentTree ├── package-json@1.2.0
107 silly currentTree ├── packet-reader@0.2.0
107 silly currentTree ├── parse-filepath@1.0.1
107 silly currentTree ├── parse-glob@3.0.4
107 silly currentTree ├── parse-json@2.2.0
107 silly currentTree ├── parse-passwd@1.0.0
107 silly currentTree ├── parseurl@1.3.1
107 silly currentTree ├── password-hash@1.2.2
107 silly currentTree ├── path-exists@2.1.0
107 silly currentTree ├── path-is-absolute@1.0.1
107 silly currentTree ├── path-root-regex@0.1.2
107 silly currentTree ├── path-root@0.1.1
107 silly currentTree ├── path-to-regexp@0.1.7
107 silly currentTree ├── path-type@1.1.0
107 silly currentTree ├── pause-stream@0.0.11
107 silly currentTree ├── pg-connection-string@0.1.3
107 silly currentTree ├─┬ pg-pool@1.6.0
107 silly currentTree │ └── object-assign@4.1.0
107 silly currentTree ├── pg-types@1.11.0
107 silly currentTree ├─┬ pg@6.1.2
107 silly currentTree │ └── semver@4.3.2
107 silly currentTree ├─┬ pgpass@1.0.1
107 silly currentTree │ └── split@1.0.0
107 silly currentTree ├── pify@2.3.0
107 silly currentTree ├── pinkie-promise@2.0.1
107 silly currentTree ├── pinkie@2.0.4
107 silly currentTree ├── postgres-array@1.0.2
107 silly currentTree ├── postgres-bytea@1.0.0
107 silly currentTree ├── postgres-date@1.0.3
107 silly currentTree ├── postgres-interval@1.0.2
107 silly currentTree ├── prepend-http@1.0.4
107 silly currentTree ├── preserve@0.2.0
107 silly currentTree ├── pretty-hrtime@1.0.3
107 silly currentTree ├── process-nextick-args@1.0.7
107 silly currentTree ├── proto-list@1.2.4
107 silly currentTree ├── proxy-addr@1.1.3
107 silly currentTree ├── ps-tree@1.1.0
107 silly currentTree ├── pseudomap@1.0.2
107 silly currentTree ├── punycode@1.4.1
107 silly currentTree ├── qs@6.2.0
107 silly currentTree ├── random-bytes@1.0.0
107 silly currentTree ├── randomatic@1.1.6
107 silly currentTree ├── range-parser@1.2.0
107 silly currentTree ├── raw-body@2.2.0
107 silly currentTree ├─┬ rc@1.1.7
107 silly currentTree │ └── minimist@1.2.0
107 silly currentTree ├── read-all-stream@3.1.0
107 silly currentTree ├── read-pkg-up@1.0.1
107 silly currentTree ├── read-pkg@1.1.0
107 silly currentTree ├── readable-stream@2.2.3
107 silly currentTree ├── readdirp@2.1.0
107 silly currentTree ├── rebuild@0.1.2
107 silly currentTree ├── rechoir@0.6.2
107 silly currentTree ├── redefine@0.2.1
107 silly currentTree ├── regex-cache@0.4.3
107 silly currentTree ├── registry-url@3.1.0
107 silly currentTree ├── repeat-element@1.1.2
107 silly currentTree ├── repeat-string@1.6.1
107 silly currentTree ├── repeating@1.1.3
107 silly currentTree ├── replace-ext@0.0.1
107 silly currentTree ├─┬ request@2.79.0
107 silly currentTree │ ├── qs@6.3.1
107 silly currentTree │ └── uuid@3.0.1
107 silly currentTree ├── require-directory@2.1.1
107 silly currentTree ├── require-main-filename@1.0.1
107 silly currentTree ├── resolve-dir@0.1.1
107 silly currentTree ├── resolve@1.2.0
107 silly currentTree ├── retry-as-promised@2.2.0
107 silly currentTree ├─┬ rimraf@2.6.0
107 silly currentTree │ └── glob@7.1.1
107 silly currentTree ├── semver-diff@2.1.0
107 silly currentTree ├── semver@5.3.0
107 silly currentTree ├─┬ send@0.14.2
107 silly currentTree │ ├─┬ debug@2.2.0
107 silly currentTree │ │ └── ms@0.7.1
107 silly currentTree │ └── ms@0.7.2
107 silly currentTree ├── sequelize-cli@2.5.1
107 silly currentTree ├─┬ sequelize@3.30.2
107 silly currentTree │ └── uuid@3.0.1
107 silly currentTree ├── sequencify@0.0.7
107 silly currentTree ├── serve-favicon@2.3.2
107 silly currentTree ├── serve-static@1.11.2
107 silly currentTree ├── set-blocking@2.0.0
107 silly currentTree ├── set-immediate-shim@1.0.1
107 silly currentTree ├── setprototypeof@1.0.2
107 silly currentTree ├── shimmer@1.1.0
107 silly currentTree ├── sigmund@1.0.1
107 silly currentTree ├── signal-exit@3.0.2
107 silly currentTree ├── slide@1.1.6
107 silly currentTree ├── sntp@1.0.9
107 silly currentTree ├── sparkles@1.0.0
107 silly currentTree ├── spdx-correct@1.0.2
107 silly currentTree ├── spdx-expression-parse@1.0.4
107 silly currentTree ├── spdx-license-ids@1.2.2
107 silly currentTree ├── split@0.3.3
107 silly currentTree ├─┬ sshpk@1.10.2
107 silly currentTree │ └── assert-plus@1.0.0
107 silly currentTree ├── statuses@1.3.1
107 silly currentTree ├── stream-combiner@0.0.4
107 silly currentTree ├── stream-consume@0.1.0
107 silly currentTree ├── stream-shift@1.0.0
107 silly currentTree ├── string_decoder@0.10.31
107 silly currentTree ├── string-length@1.0.1
107 silly currentTree ├── string-width@1.0.2
107 silly currentTree ├── stringstream@0.0.5
107 silly currentTree ├── strip-ansi@3.0.1
107 silly currentTree ├── strip-bom@1.0.0
107 silly currentTree ├── strip-json-comments@2.0.1
107 silly currentTree ├── supports-color@2.0.0
107 silly currentTree ├── tar@2.2.1
107 silly currentTree ├── terraformer-wkt-parser@1.1.2
107 silly currentTree ├── terraformer@1.0.7
107 silly currentTree ├── through@2.3.8
107 silly currentTree ├── through2@2.0.3
107 silly currentTree ├── tildify@1.2.0
107 silly currentTree ├── time-stamp@1.0.1
107 silly currentTree ├── timed-out@2.0.0
107 silly currentTree ├── timers-ext@0.1.0
107 silly currentTree ├── toposort-class@1.0.1
107 silly currentTree ├── touch@1.0.0
107 silly currentTree ├── tough-cookie@2.3.2
107 silly currentTree ├── tunnel-agent@0.4.3
107 silly currentTree ├── tweetnacl@0.14.5
107 silly currentTree ├── type-is@1.6.14
107 silly currentTree ├── uid-safe@2.1.3
107 silly currentTree ├── umzug@1.11.0
107 silly currentTree ├── unc-path-regex@0.1.2
107 silly currentTree ├── undefsafe@0.0.3
107 silly currentTree ├── unique-stream@1.0.0
107 silly currentTree ├── unpipe@1.0.0
107 silly currentTree ├── update-notifier@0.5.0
107 silly currentTree ├── user-home@1.1.1
107 silly currentTree ├── util-deprecate@1.0.2
107 silly currentTree ├── utils-merge@1.0.0
107 silly currentTree ├── uuid@2.0.3
107 silly currentTree ├── v8flags@2.0.11
107 silly currentTree ├── validate-npm-package-license@3.0.1
107 silly currentTree ├── validator@5.7.0
107 silly currentTree ├── vary@1.1.0
107 silly currentTree ├── verror@1.3.6
107 silly currentTree ├─┬ vinyl-fs@0.3.14
107 silly currentTree │ ├── clone@0.2.0
107 silly currentTree │ ├── graceful-fs@3.0.11
107 silly currentTree │ ├── isarray@0.0.1
107 silly currentTree │ ├── readable-stream@1.0.34
107 silly currentTree │ ├── through2@0.6.5
107 silly currentTree │ └── vinyl@0.4.6
107 silly currentTree ├── vinyl@0.5.3
107 silly currentTree ├── which-module@1.0.0
107 silly currentTree ├── which@1.2.12
107 silly currentTree ├── wide-align@1.1.0
107 silly currentTree ├── wkx@0.2.0
107 silly currentTree ├── wordwrap@0.0.3
107 silly currentTree ├── wrap-ansi@2.1.0
107 silly currentTree ├── wrappy@1.0.2
107 silly currentTree ├── write-file-atomic@1.3.1
107 silly currentTree ├── xdg-basedir@2.0.0
107 silly currentTree ├── xtend@4.0.1
107 silly currentTree ├── y18n@3.2.1
107 silly currentTree ├── yallist@2.0.0
107 silly currentTree ├── yargs-parser@4.2.1
107 silly currentTree └── yargs@6.6.0
108 silly idealTree menubar-login@0.0.0
108 silly idealTree ├── abbrev@1.1.0
108 silly idealTree ├── accepts@1.3.3
108 silly idealTree ├── ansi-regex@2.1.1
108 silly idealTree ├── ansi-styles@2.2.1
108 silly idealTree ├── anymatch@1.3.0
108 silly idealTree ├── ap@0.2.0
108 silly idealTree ├── aproba@1.1.1
108 silly idealTree ├── archy@1.0.0
108 silly idealTree ├── are-we-there-yet@1.1.2
108 silly idealTree ├── arr-diff@2.0.0
108 silly idealTree ├── arr-flatten@1.0.1
108 silly idealTree ├── array-differ@1.0.0
108 silly idealTree ├── array-flatten@1.1.1
108 silly idealTree ├── array-uniq@1.0.3
108 silly idealTree ├── array-unique@0.2.1
108 silly idealTree ├── arrify@1.0.1
108 silly idealTree ├── asn1@0.2.3
108 silly idealTree ├── assert-plus@0.2.0
108 silly idealTree ├── async-each@1.0.1
108 silly idealTree ├── asynckit@0.4.0
108 silly idealTree ├── aws-sign2@0.6.0
108 silly idealTree ├── aws4@1.6.0
108 silly idealTree ├── balanced-match@0.4.2
108 silly idealTree ├── base64-url@1.3.3
108 silly idealTree ├── basic-auth@1.0.4
108 silly idealTree ├── bcrypt-pbkdf@1.0.1
108 silly idealTree ├── beeper@1.1.1
108 silly idealTree ├── binary-extensions@1.8.0
108 silly idealTree ├── block-stream@0.0.9
108 silly idealTree ├── bluebird@3.4.7
108 silly idealTree ├─┬ body-parser@1.16.1
108 silly idealTree │ └── qs@6.2.1
108 silly idealTree ├── boom@2.10.1
108 silly idealTree ├── brace-expansion@1.1.6
108 silly idealTree ├── braces@1.8.5
108 silly idealTree ├── buffer-shims@1.0.0
108 silly idealTree ├── buffer-writer@1.0.1
108 silly idealTree ├── builtin-modules@1.1.1
108 silly idealTree ├── bytes@2.4.0
108 silly idealTree ├── camelcase@3.0.0
108 silly idealTree ├── caseless@0.11.0
108 silly idealTree ├── chalk@1.1.3
108 silly idealTree ├── chokidar@1.6.1
108 silly idealTree ├── cli-color@0.3.3
108 silly idealTree ├─┬ client-session@0.1.7
108 silly idealTree │ └── cookie@0.1.2
108 silly idealTree ├── cliui@3.2.0
108 silly idealTree ├── clone-stats@0.0.1
108 silly idealTree ├── clone@1.0.2
108 silly idealTree ├── code-point-at@1.1.0
108 silly idealTree ├── combined-stream@1.0.5
108 silly idealTree ├── commander@2.9.0
108 silly idealTree ├── concat-map@0.0.1
108 silly idealTree ├── config-chain@1.1.11
108 silly idealTree ├── configstore@1.4.0
108 silly idealTree ├── console-control-strings@1.1.0
108 silly idealTree ├── content-disposition@0.5.2
108 silly idealTree ├── content-type@1.0.2
108 silly idealTree ├── cookie-parser@1.4.3
108 silly idealTree ├── cookie-signature@1.0.6
108 silly idealTree ├── cookie@0.3.1
108 silly idealTree ├── core-util-is@1.0.2
108 silly idealTree ├── crc@3.4.4
108 silly idealTree ├── cross-env@3.1.4
108 silly idealTree ├── cross-spawn@3.0.1
108 silly idealTree ├── cryptiles@2.0.5
108 silly idealTree ├── d@0.1.1
108 silly idealTree ├─┬ dashdash@1.14.1
108 silly idealTree │ └── assert-plus@1.0.0
108 silly idealTree ├── dateformat@2.0.0
108 silly idealTree ├── debug@2.6.1
108 silly idealTree ├── decamelize@1.2.0
108 silly idealTree ├── deep-extend@0.4.1
108 silly idealTree ├── defaults@1.0.3
108 silly idealTree ├── delayed-stream@1.0.0
108 silly idealTree ├── delegates@1.0.0
108 silly idealTree ├── depd@1.1.0
108 silly idealTree ├── deprecated@0.0.1
108 silly idealTree ├── destroy@1.0.4
108 silly idealTree ├── detect-file@0.1.0
108 silly idealTree ├── dottie@1.1.1
108 silly idealTree ├── duplexer@0.1.1
108 silly idealTree ├─┬ duplexer2@0.0.2
108 silly idealTree │ ├── isarray@0.0.1
108 silly idealTree │ └── readable-stream@1.1.14
108 silly idealTree ├── duplexify@3.5.0
108 silly idealTree ├── ecc-jsbn@0.1.1
108 silly idealTree ├─┬ editorconfig@0.13.2
108 silly idealTree │ └── lru-cache@3.2.0
108 silly idealTree ├── ee-first@1.1.1
108 silly idealTree ├── ejs@2.5.6
108 silly idealTree ├── encodeurl@1.0.1
108 silly idealTree ├── end-of-stream@1.0.0
108 silly idealTree ├── error-ex@1.3.0
108 silly idealTree ├── es5-ext@0.10.12
108 silly idealTree ├── es6-iterator@2.0.0
108 silly idealTree ├── es6-promise@3.3.1
108 silly idealTree ├── es6-symbol@3.1.0
108 silly idealTree ├─┬ es6-weak-map@0.1.4
108 silly idealTree │ ├── es6-iterator@0.1.3
108 silly idealTree │ └── es6-symbol@2.0.1
108 silly idealTree ├── escape-html@1.0.3
108 silly idealTree ├── escape-string-regexp@1.0.5
108 silly idealTree ├── etag@1.7.0
108 silly idealTree ├── event-emitter@0.3.4
108 silly idealTree ├── event-stream@3.3.4
108 silly idealTree ├── expand-brackets@0.1.5
108 silly idealTree ├── expand-range@1.8.2
108 silly idealTree ├── expand-tilde@1.2.2
108 silly idealTree ├── express-session@1.15.1
108 silly idealTree ├─┬ express@4.14.1
108 silly idealTree │ ├── debug@2.2.0
108 silly idealTree │ └── ms@0.7.1
108 silly idealTree ├── extend@3.0.0
108 silly idealTree ├── extglob@0.3.2
108 silly idealTree ├── extsprintf@1.0.2
108 silly idealTree ├── fancy-log@1.3.0
108 silly idealTree ├── filename-regex@2.0.0
108 silly idealTree ├── fill-range@2.2.3
108 silly idealTree ├─┬ finalhandler@0.5.1
108 silly idealTree │ ├── debug@2.2.0
108 silly idealTree │ └── ms@0.7.1
108 silly idealTree ├── find-index@0.1.1
108 silly idealTree ├── find-up@1.1.2
108 silly idealTree ├── findup-sync@0.4.3
108 silly idealTree ├── fined@1.0.2
108 silly idealTree ├── first-chunk-stream@1.0.0
108 silly idealTree ├── flagged-respawn@0.3.2
108 silly idealTree ├── for-in@0.1.6
108 silly idealTree ├── for-own@0.1.4
108 silly idealTree ├── forever-agent@0.6.1
108 silly idealTree ├── form-data@2.1.2
108 silly idealTree ├── forwarded@0.1.0
108 silly idealTree ├── fresh@0.3.0
108 silly idealTree ├── from@0.1.3
108 silly idealTree ├── fs-exists-sync@0.1.0
108 silly idealTree ├── fs-extra@1.0.0
108 silly idealTree ├── fs.realpath@1.0.0
108 silly idealTree ├── fstream@1.0.10
108 silly idealTree ├── gauge@2.7.3
108 silly idealTree ├── gaze@0.5.2
108 silly idealTree ├── generate-function@2.0.0
108 silly idealTree ├── generate-object-property@1.2.0
108 silly idealTree ├── generic-pool@2.4.2
108 silly idealTree ├── get-caller-file@1.0.2
108 silly idealTree ├─┬ getpass@0.1.6
108 silly idealTree │ └── assert-plus@1.0.0
108 silly idealTree ├── glob-base@0.3.0
108 silly idealTree ├── glob-parent@2.0.0
108 silly idealTree ├─┬ glob-stream@3.1.18
108 silly idealTree │ ├── isarray@0.0.1
108 silly idealTree │ ├── minimatch@2.0.10
108 silly idealTree │ ├── readable-stream@1.0.34
108 silly idealTree │ └── through2@0.6.5
108 silly idealTree ├── glob-watcher@0.0.6
108 silly idealTree ├─┬ glob@4.5.3
108 silly idealTree │ └── minimatch@2.0.10
108 silly idealTree ├── glob2base@0.0.12
108 silly idealTree ├── global-modules@0.2.3
108 silly idealTree ├── global-prefix@0.1.5
108 silly idealTree ├─┬ globule@0.1.0
108 silly idealTree │ ├── glob@3.1.21
108 silly idealTree │ ├── graceful-fs@1.2.3
108 silly idealTree │ ├── inherits@1.0.2
108 silly idealTree │ ├── lodash@1.0.2
108 silly idealTree │ ├── lru-cache@2.7.3
108 silly idealTree │ └── minimatch@0.2.14
108 silly idealTree ├── glogg@1.0.0
108 silly idealTree ├─┬ got@3.3.1
108 silly idealTree │ └── object-assign@3.0.0
108 silly idealTree ├── graceful-fs@4.1.11
108 silly idealTree ├── graceful-readlink@1.0.1
108 silly idealTree ├─┬ gulp-help@1.6.1
108 silly idealTree │ └── object-assign@3.0.0
108 silly idealTree ├─┬ gulp-util@3.0.8
108 silly idealTree │ ├── minimist@1.2.0
108 silly idealTree │ └── object-assign@3.0.0
108 silly idealTree ├─┬ gulp@3.9.1
108 silly idealTree │ ├── minimist@1.2.0
108 silly idealTree │ └── semver@4.3.6
108 silly idealTree ├── gulplog@1.0.0
108 silly idealTree ├── har-validator@2.0.6
108 silly idealTree ├── has-ansi@2.0.0
108 silly idealTree ├── has-gulplog@0.1.0
108 silly idealTree ├── has-unicode@2.0.1
108 silly idealTree ├── hawk@3.1.3
108 silly idealTree ├── hoek@2.16.3
108 silly idealTree ├── homedir-polyfill@1.0.1
108 silly idealTree ├── hosted-git-info@2.2.0
108 silly idealTree ├── http-errors@1.5.1
108 silly idealTree ├── http-signature@1.1.1
108 silly idealTree ├── iconv-lite@0.4.15
108 silly idealTree ├── ignore-by-default@1.0.1
108 silly idealTree ├── imurmurhash@0.1.4
108 silly idealTree ├── infinity-agent@2.0.3
108 silly idealTree ├── inflection@1.12.0
108 silly idealTree ├── inflight@1.0.6
108 silly idealTree ├── inherits@2.0.3
108 silly idealTree ├── ini@1.3.4
108 silly idealTree ├── interpret@1.0.1
108 silly idealTree ├── invert-kv@1.0.0
108 silly idealTree ├── ipaddr.js@1.2.0
108 silly idealTree ├── is-absolute@0.2.6
108 silly idealTree ├── is-arrayish@0.2.1
108 silly idealTree ├── is-binary-path@1.0.1
108 silly idealTree ├── is-buffer@1.1.4
108 silly idealTree ├── is-builtin-module@1.0.0
108 silly idealTree ├── is-dotfile@1.0.2
108 silly idealTree ├── is-equal-shallow@0.1.3
108 silly idealTree ├── is-extendable@0.1.1
108 silly idealTree ├── is-extglob@1.0.0
108 silly idealTree ├── is-finite@1.0.2
108 silly idealTree ├── is-fullwidth-code-point@1.0.0
108 silly idealTree ├── is-glob@2.0.1
108 silly idealTree ├── is-my-json-valid@2.15.0
108 silly idealTree ├── is-npm@1.0.0
108 silly idealTree ├── is-number@2.1.0
108 silly idealTree ├── is-posix-bracket@0.1.1
108 silly idealTree ├── is-primitive@2.0.0
108 silly idealTree ├── is-property@1.0.2
108 silly idealTree ├── is-redirect@1.0.0
108 silly idealTree ├── is-relative@0.2.1
108 silly idealTree ├── is-stream@1.1.0
108 silly idealTree ├── is-typedarray@1.0.0
108 silly idealTree ├── is-unc-path@0.1.2
108 silly idealTree ├── is-utf8@0.2.1
108 silly idealTree ├── is-windows@0.2.0
108 silly idealTree ├── isarray@1.0.0
108 silly idealTree ├── isexe@1.1.2
108 silly idealTree ├── isobject@2.1.0
108 silly idealTree ├── isstream@0.1.2
108 silly idealTree ├── jodid25519@1.0.2
108 silly idealTree ├─┬ js-beautify@1.6.11
108 silly idealTree │ └── nopt@3.0.6
108 silly idealTree ├── jsbn@0.1.1
108 silly idealTree ├── json-schema@0.2.3
108 silly idealTree ├── json-stringify-safe@5.0.1
108 silly idealTree ├── jsonfile@2.4.0
108 silly idealTree ├── jsonpointer@4.0.1
108 silly idealTree ├── jsprim@1.3.1
108 silly idealTree ├── kind-of@3.1.0
108 silly idealTree ├── klaw@1.3.1
108 silly idealTree ├── latest-version@1.0.1
108 silly idealTree ├── lcid@1.0.0
108 silly idealTree ├── liftoff@2.3.0
108 silly idealTree ├─┬ load-json-file@1.1.0
108 silly idealTree │ └── strip-bom@2.0.0
108 silly idealTree ├── lodash._baseassign@3.2.0
108 silly idealTree ├── lodash._basecopy@3.0.1
108 silly idealTree ├── lodash._basetostring@3.0.1
108 silly idealTree ├── lodash._basevalues@3.0.0
108 silly idealTree ├── lodash._bindcallback@3.0.1
108 silly idealTree ├── lodash._createassigner@3.1.1
108 silly idealTree ├── lodash._getnative@3.9.1
108 silly idealTree ├── lodash._isiterateecall@3.0.9
108 silly idealTree ├── lodash._reescape@3.0.0
108 silly idealTree ├── lodash._reevaluate@3.0.0
108 silly idealTree ├── lodash._reinterpolate@3.0.0
108 silly idealTree ├── lodash._root@3.0.1
108 silly idealTree ├── lodash.assign@3.2.0
108 silly idealTree ├── lodash.assignwith@4.2.0
108 silly idealTree ├── lodash.defaults@3.1.2
108 silly idealTree ├── lodash.escape@3.2.0
108 silly idealTree ├── lodash.isarguments@3.1.0
108 silly idealTree ├── lodash.isarray@3.0.4
108 silly idealTree ├── lodash.isempty@4.4.0
108 silly idealTree ├── lodash.isplainobject@4.0.6
108 silly idealTree ├── lodash.isstring@4.0.1
108 silly idealTree ├── lodash.keys@3.1.2
108 silly idealTree ├── lodash.mapvalues@4.6.0
108 silly idealTree ├── lodash.pick@4.4.0
108 silly idealTree ├── lodash.restparam@3.6.1
108 silly idealTree ├── lodash.template@3.6.2
108 silly idealTree ├── lodash.templatesettings@3.1.1
108 silly idealTree ├── lodash@4.12.0
108 silly idealTree ├── lowercase-keys@1.0.0
108 silly idealTree ├── lru-cache@4.0.2
108 silly idealTree ├── lru-queue@0.1.0
108 silly idealTree ├── map-cache@0.2.2
108 silly idealTree ├── map-stream@0.1.0
108 silly idealTree ├── media-typer@0.3.0
108 silly idealTree ├── memoizee@0.3.10
108 silly idealTree ├── merge-descriptors@1.0.1
108 silly idealTree ├── methods@1.1.2
108 silly idealTree ├── micromatch@2.3.11
108 silly idealTree ├── mime-db@1.26.0
108 silly idealTree ├── mime-types@2.1.14
108 silly idealTree ├── mime@1.3.4
108 silly idealTree ├── minimatch@3.0.3
108 silly idealTree ├── minimist@0.0.8
108 silly idealTree ├── mkdirp@0.5.1
108 silly idealTree ├── moment-timezone@0.5.11
108 silly idealTree ├── moment@2.17.1
108 silly idealTree ├─┬ morgan@1.7.0
108 silly idealTree │ ├── debug@2.2.0
108 silly idealTree │ └── ms@0.7.1
108 silly idealTree ├── ms@0.7.2
108 silly idealTree ├── multipipe@0.1.2
108 silly idealTree ├── natives@1.1.0
108 silly idealTree ├── negotiator@0.6.1
108 silly idealTree ├── nested-error-stacks@1.0.2
108 silly idealTree ├── next-tick@0.2.2
108 silly idealTree ├─┬ node-gyp@3.5.0
108 silly idealTree │ ├── glob@7.1.1
108 silly idealTree │ └── nopt@3.0.6
108 silly idealTree ├── nodemon@1.11.0
108 silly idealTree ├── nopt@1.0.10
108 silly idealTree ├── normalize-package-data@2.3.5
108 silly idealTree ├── normalize-path@2.0.1
108 silly idealTree ├── npmlog@4.0.2
108 silly idealTree ├── number-is-nan@1.0.1
108 silly idealTree ├── oauth-sign@0.8.2
108 silly idealTree ├── object-assign@4.1.1
108 silly idealTree ├── object.omit@2.0.1
108 silly idealTree ├── on-finished@2.3.0
108 silly idealTree ├── on-headers@1.0.1
108 silly idealTree ├── once@1.3.3
108 silly idealTree ├── optimist@0.3.7
108 silly idealTree ├─┬ orchestrator@0.3.8
108 silly idealTree │ └── end-of-stream@0.1.5
108 silly idealTree ├── ordered-read-streams@0.1.0
108 silly idealTree ├── os-homedir@1.0.2
108 silly idealTree ├── os-locale@1.4.0
108 silly idealTree ├── os-tmpdir@1.0.2
108 silly idealTree ├── osenv@0.1.4
108 silly idealTree ├── package-json@1.2.0
108 silly idealTree ├── packet-reader@0.2.0
108 silly idealTree ├── parse-filepath@1.0.1
108 silly idealTree ├── parse-glob@3.0.4
108 silly idealTree ├── parse-json@2.2.0
108 silly idealTree ├── parse-passwd@1.0.0
108 silly idealTree ├── parseurl@1.3.1
108 silly idealTree ├── password-hash@1.2.2
108 silly idealTree ├── path-exists@2.1.0
108 silly idealTree ├── path-is-absolute@1.0.1
108 silly idealTree ├── path-root-regex@0.1.2
108 silly idealTree ├── path-root@0.1.1
108 silly idealTree ├── path-to-regexp@0.1.7
108 silly idealTree ├── path-type@1.1.0
108 silly idealTree ├── pause-stream@0.0.11
108 silly idealTree ├── pg-connection-string@0.1.3
108 silly idealTree ├─┬ pg-pool@1.6.0
108 silly idealTree │ └── object-assign@4.1.0
108 silly idealTree ├── pg-types@1.11.0
108 silly idealTree ├─┬ pg@6.1.2
108 silly idealTree │ └── semver@4.3.2
108 silly idealTree ├─┬ pgpass@1.0.1
108 silly idealTree │ └── split@1.0.0
108 silly idealTree ├── pify@2.3.0
108 silly idealTree ├── pinkie-promise@2.0.1
108 silly idealTree ├── pinkie@2.0.4
108 silly idealTree ├── postgres-array@1.0.2
108 silly idealTree ├── postgres-bytea@1.0.0
108 silly idealTree ├── postgres-date@1.0.3
108 silly idealTree ├── postgres-interval@1.0.2
108 silly idealTree ├── prepend-http@1.0.4
108 silly idealTree ├── preserve@0.2.0
108 silly idealTree ├── pretty-hrtime@1.0.3
108 silly idealTree ├── process-nextick-args@1.0.7
108 silly idealTree ├── proto-list@1.2.4
108 silly idealTree ├── proxy-addr@1.1.3
108 silly idealTree ├── ps-tree@1.1.0
108 silly idealTree ├── pseudomap@1.0.2
108 silly idealTree ├── punycode@1.4.1
108 silly idealTree ├── qs@6.2.0
108 silly idealTree ├── random-bytes@1.0.0
108 silly idealTree ├── randomatic@1.1.6
108 silly idealTree ├── range-parser@1.2.0
108 silly idealTree ├── raw-body@2.2.0
108 silly idealTree ├─┬ rc@1.1.7
108 silly idealTree │ └── minimist@1.2.0
108 silly idealTree ├── read-all-stream@3.1.0
108 silly idealTree ├── read-pkg-up@1.0.1
108 silly idealTree ├── read-pkg@1.1.0
108 silly idealTree ├── readable-stream@2.2.3
108 silly idealTree ├── readdirp@2.1.0
108 silly idealTree ├── rebuild@0.1.2
108 silly idealTree ├── rechoir@0.6.2
108 silly idealTree ├── redefine@0.2.1
108 silly idealTree ├── regex-cache@0.4.3
108 silly idealTree ├── registry-url@3.1.0
108 silly idealTree ├── repeat-element@1.1.2
108 silly idealTree ├── repeat-string@1.6.1
108 silly idealTree ├── repeating@1.1.3
108 silly idealTree ├── replace-ext@0.0.1
108 silly idealTree ├─┬ request@2.79.0
108 silly idealTree │ ├── qs@6.3.1
108 silly idealTree │ └── uuid@3.0.1
108 silly idealTree ├── require-directory@2.1.1
108 silly idealTree ├── require-main-filename@1.0.1
108 silly idealTree ├── resolve-dir@0.1.1
108 silly idealTree ├── resolve@1.2.0
108 silly idealTree ├── retry-as-promised@2.2.0
108 silly idealTree ├─┬ rimraf@2.6.0
108 silly idealTree │ └── glob@7.1.1
108 silly idealTree ├── semver-diff@2.1.0
108 silly idealTree ├── semver@5.3.0
108 silly idealTree ├─┬ send@0.14.2
108 silly idealTree │ ├─┬ debug@2.2.0
108 silly idealTree │ │ └── ms@0.7.1
108 silly idealTree │ └── ms@0.7.2
108 silly idealTree ├── sequelize-cli@2.5.1
108 silly idealTree ├─┬ sequelize@3.30.2
108 silly idealTree │ └── uuid@3.0.1
108 silly idealTree ├── sequencify@0.0.7
108 silly idealTree ├── serve-favicon@2.3.2
108 silly idealTree ├── serve-static@1.11.2
108 silly idealTree ├── set-blocking@2.0.0
108 silly idealTree ├── set-immediate-shim@1.0.1
108 silly idealTree ├── setprototypeof@1.0.2
108 silly idealTree ├── shimmer@1.1.0
108 silly idealTree ├── sigmund@1.0.1
108 silly idealTree ├── signal-exit@3.0.2
108 silly idealTree ├── slide@1.1.6
108 silly idealTree ├── sntp@1.0.9
108 silly idealTree ├── sparkles@1.0.0
108 silly idealTree ├── spdx-correct@1.0.2
108 silly idealTree ├── spdx-expression-parse@1.0.4
108 silly idealTree ├── spdx-license-ids@1.2.2
108 silly idealTree ├── split@0.3.3
108 silly idealTree ├─┬ sshpk@1.10.2
108 silly idealTree │ └── assert-plus@1.0.0
108 silly idealTree ├── statuses@1.3.1
108 silly idealTree ├── stream-combiner@0.0.4
108 silly idealTree ├── stream-consume@0.1.0
108 silly idealTree ├── stream-shift@1.0.0
108 silly idealTree ├── string_decoder@0.10.31
108 silly idealTree ├── string-length@1.0.1
108 silly idealTree ├── string-width@1.0.2
108 silly idealTree ├── stringstream@0.0.5
108 silly idealTree ├── strip-ansi@3.0.1
108 silly idealTree ├── strip-bom@1.0.0
108 silly idealTree ├── strip-json-comments@2.0.1
108 silly idealTree ├── supports-color@2.0.0
108 silly idealTree ├── tar@2.2.1
108 silly idealTree ├── terraformer-wkt-parser@1.1.2
108 silly idealTree ├── terraformer@1.0.7
108 silly idealTree ├── through@2.3.8
108 silly idealTree ├── through2@2.0.3
108 silly idealTree ├── tildify@1.2.0
108 silly idealTree ├── time-stamp@1.0.1
108 silly idealTree ├── timed-out@2.0.0
108 silly idealTree ├── timers-ext@0.1.0
108 silly idealTree ├── toposort-class@1.0.1
108 silly idealTree ├── touch@1.0.0
108 silly idealTree ├── tough-cookie@2.3.2
108 silly idealTree ├── tunnel-agent@0.4.3
108 silly idealTree ├── tweetnacl@0.14.5
108 silly idealTree ├── type-is@1.6.14
108 silly idealTree ├── uid-safe@2.1.3
108 silly idealTree ├── umzug@1.11.0
108 silly idealTree ├── unc-path-regex@0.1.2
108 silly idealTree ├── undefsafe@0.0.3
108 silly idealTree ├── unique-stream@1.0.0
108 silly idealTree ├── unpipe@1.0.0
108 silly idealTree ├── update-notifier@0.5.0
108 silly idealTree ├── user-home@1.1.1
108 silly idealTree ├── util-deprecate@1.0.2
108 silly idealTree ├── utils-merge@1.0.0
108 silly idealTree ├── uuid@2.0.3
108 silly idealTree ├── v8flags@2.0.11
108 silly idealTree ├── validate-npm-package-license@3.0.1
108 silly idealTree ├── validator@5.7.0
108 silly idealTree ├── vary@1.1.0
108 silly idealTree ├── verror@1.3.6
108 silly idealTree ├─┬ vinyl-fs@0.3.14
108 silly idealTree │ ├── clone@0.2.0
108 silly idealTree │ ├── graceful-fs@3.0.11
108 silly idealTree │ ├── isarray@0.0.1
108 silly idealTree │ ├── readable-stream@1.0.34
108 silly idealTree │ ├── through2@0.6.5
108 silly idealTree │ └── vinyl@0.4.6
108 silly idealTree ├── vinyl@0.5.3
108 silly idealTree ├── which-module@1.0.0
108 silly idealTree ├── which@1.2.12
108 silly idealTree ├── wide-align@1.1.0
108 silly idealTree ├── wkx@0.2.0
108 silly idealTree ├── wordwrap@0.0.3
108 silly idealTree ├── wrap-ansi@2.1.0
108 silly idealTree ├── wrappy@1.0.2
108 silly idealTree ├── write-file-atomic@1.3.1
108 silly idealTree ├── xdg-basedir@2.0.0
108 silly idealTree ├── xtend@4.0.1
108 silly idealTree ├── y18n@3.2.1
108 silly idealTree ├── yallist@2.0.0
108 silly idealTree ├── yargs-parser@4.2.1
108 silly idealTree └── yargs@6.6.0
109 silly generateActionsToTake Starting
110 silly install generateActionsToTake
111 silly generateActionsToTake Finishing
112 silly diffTrees action count 2
113 silly diffTrees add cookie@0.1.2
114 silly diffTrees add client-session@0.1.7
115 silly decomposeActions action count 16
116 silly decomposeActions fetch cookie@0.1.2
117 silly decomposeActions extract cookie@0.1.2
118 silly decomposeActions test cookie@0.1.2
119 silly decomposeActions preinstall cookie@0.1.2
120 silly decomposeActions build cookie@0.1.2
121 silly decomposeActions install cookie@0.1.2
122 silly decomposeActions postinstall cookie@0.1.2
123 silly decomposeActions finalize cookie@0.1.2
124 silly decomposeActions fetch client-session@0.1.7
125 silly decomposeActions extract client-session@0.1.7
126 silly decomposeActions test client-session@0.1.7
127 silly decomposeActions preinstall client-session@0.1.7
128 silly decomposeActions build client-session@0.1.7
129 silly decomposeActions install client-session@0.1.7
130 silly decomposeActions postinstall client-session@0.1.7
131 silly decomposeActions finalize client-session@0.1.7
132 silly runTopLevelLifecycles Starting
133 silly executeActions Starting
134 silly install executeActions
135 silly doSerial global-install 0
136 silly doParallel fetch 2
137 verbose correctMkdir /root/.npm/_locks correctMkdir not in flight; initializing
138 verbose lock using /root/.npm/_locks/staging-b4fadf7551257b58.lock for /home/isumizumi/Documents/Hacktiv8/DARWINFOX_PHASE1/WEEK_4/Day4/menubar-login/node_modules/.staging
139 silly doParallel extract 2
140 silly extract cookie@0.1.2
141 silly extract client-session@0.1.7
142 verbose unbuild node_modules/.staging/cookie-5cab1e97
143 verbose unbuild node_modules/.staging/client-session-cb65e8ae
144 silly gentlyRm /home/isumizumi/Documents/Hacktiv8/DARWINFOX_PHASE1/WEEK_4/Day4/menubar-login/node_modules/.staging/cookie-5cab1e97 is being purged from base /home/isumizumi/Documents/Hacktiv8/DARWINFOX_PHASE1/WEEK_4/Day4/menubar-login
145 verbose gentlyRm don't care about contents; nuking /home/isumizumi/Documents/Hacktiv8/DARWINFOX_PHASE1/WEEK_4/Day4/menubar-login/node_modules/.staging/cookie-5cab1e97
146 silly gentlyRm /home/isumizumi/Documents/Hacktiv8/DARWINFOX_PHASE1/WEEK_4/Day4/menubar-login/node_modules/.staging/client-session-cb65e8ae is being purged from base /home/isumizumi/Documents/Hacktiv8/DARWINFOX_PHASE1/WEEK_4/Day4/menubar-login
147 verbose gentlyRm don't care about contents; nuking /home/isumizumi/Documents/Hacktiv8/DARWINFOX_PHASE1/WEEK_4/Day4/menubar-login/node_modules/.staging/client-session-cb65e8ae
148 verbose tar unpack /root/.npm/cookie/0.1.2/package.tgz
149 verbose tar unpacking to /home/isumizumi/Documents/Hacktiv8/DARWINFOX_PHASE1/WEEK_4/Day4/menubar-login/node_modules/.staging/cookie-5cab1e97
150 silly gentlyRm /home/isumizumi/Documents/Hacktiv8/DARWINFOX_PHASE1/WEEK_4/Day4/menubar-login/node_modules/.staging/cookie-5cab1e97 is being purged
151 verbose gentlyRm don't care about contents; nuking /home/isumizumi/Documents/Hacktiv8/DARWINFOX_PHASE1/WEEK_4/Day4/menubar-login/node_modules/.staging/cookie-5cab1e97
152 verbose tar unpack /root/.npm/client-session/0.1.7/package.tgz
153 verbose tar unpacking to /home/isumizumi/Documents/Hacktiv8/DARWINFOX_PHASE1/WEEK_4/Day4/menubar-login/node_modules/.staging/client-session-cb65e8ae
154 silly gentlyRm /home/isumizumi/Documents/Hacktiv8/DARWINFOX_PHASE1/WEEK_4/Day4/menubar-login/node_modules/.staging/client-session-cb65e8ae is being purged
155 verbose gentlyRm don't care about contents; nuking /home/isumizumi/Documents/Hacktiv8/DARWINFOX_PHASE1/WEEK_4/Day4/menubar-login/node_modules/.staging/client-session-cb65e8ae
156 silly gunzTarPerm modes [ '755', '644' ]
157 silly gunzTarPerm modes [ '755', '644' ]
158 silly gunzTarPerm extractEntry package.json
159 silly gunzTarPerm extractEntry package.json
160 silly gunzTarPerm modified mode [ 'package.json', 438, 420 ]
161 silly gunzTarPerm extractEntry .npmignore
162 silly gunzTarPerm extractEntry README.md
163 silly gunzTarPerm extractEntry .npmignore
164 silly gunzTarPerm modified mode [ '.npmignore', 438, 420 ]
165 silly gunzTarPerm extractEntry README.md
166 silly gunzTarPerm modified mode [ 'README.md', 438, 420 ]
167 silly gunzTarPerm extractEntry LICENSE
168 silly gunzTarPerm extractEntry index.js
169 silly gunzTarPerm extractEntry index.js
170 silly gunzTarPerm modified mode [ 'index.js', 438, 420 ]
171 silly gunzTarPerm extractEntry binding.gyp
172 silly gunzTarPerm modified mode [ 'binding.gyp', 438, 420 ]
173 silly gunzTarPerm extractEntry example/multi_process_node.js
174 silly gunzTarPerm modified mode [ 'example/multi_process_node.js', 438, 420 ]
175 silly gunzTarPerm extractEntry example/one_process_express.js
176 silly gunzTarPerm modified mode [ 'example/one_process_express.js', 438, 420 ]
177 silly gunzTarPerm extractEntry example/one_process_node.js
178 silly gunzTarPerm modified mode [ 'example/one_process_node.js', 438, 420 ]
179 silly gunzTarPerm extractEntry example/redirect_node.js
180 silly gunzTarPerm modified mode [ 'example/redirect_node.js', 438, 420 ]
181 silly gunzTarPerm extractEntry example/simple.js
182 silly gunzTarPerm modified mode [ 'example/simple.js', 438, 420 ]
183 silly gunzTarPerm extractEntry example/simple_express.js
184 silly gunzTarPerm modified mode [ 'example/simple_express.js', 438, 420 ]
185 silly gunzTarPerm extractEntry example/1.txt
186 silly gunzTarPerm modified mode [ 'example/1.txt', 438, 420 ]
187 silly gunzTarPerm extractEntry .travis.yml
188 silly gunzTarPerm modified mode [ '.travis.yml', 438, 420 ]
189 silly gunzTarPerm extractEntry lib/client_session.js
190 silly gunzTarPerm modified mode [ 'lib/client_session.js', 438, 420 ]
191 silly gunzTarPerm extractEntry benchmark/benchmark_clinet_session_express.js
192 silly gunzTarPerm modified mode [ 'benchmark/benchmark_clinet_session_express.js', 438, 420 ]
193 silly gunzTarPerm extractEntry benchmark/benchmark_redis_session_express.js
194 silly gunzTarPerm modified mode [ 'benchmark/benchmark_redis_session_express.js', 438, 420 ]
195 silly gentlyRm /home/isumizumi/Documents/Hacktiv8/DARWINFOX_PHASE1/WEEK_4/Day4/menubar-login/node_modules/.staging/cookie-5cab1e97/node_modules is being purged
196 verbose gentlyRm don't care about contents; nuking /home/isumizumi/Documents/Hacktiv8/DARWINFOX_PHASE1/WEEK_4/Day4/menubar-login/node_modules/.staging/cookie-5cab1e97/node_modules
197 silly gunzTarPerm extractEntry src/base64.cpp
198 silly gunzTarPerm modified mode [ 'src/base64.cpp', 438, 420 ]
199 silly gunzTarPerm extractEntry src/base64.h
200 silly gunzTarPerm modified mode [ 'src/base64.h', 438, 420 ]
201 silly gunzTarPerm extractEntry src/client_session_class.cpp
202 silly gunzTarPerm modified mode [ 'src/client_session_class.cpp', 438, 420 ]
203 silly gunzTarPerm extractEntry src/client_session_class.h
204 silly gunzTarPerm modified mode [ 'src/client_session_class.h', 438, 420 ]
205 silly gunzTarPerm extractEntry src/clientsession.cpp
206 silly gunzTarPerm modified mode [ 'src/clientsession.cpp', 438, 420 ]
207 silly gunzTarPerm extractEntry src/main.cpp
208 silly gunzTarPerm modified mode [ 'src/main.cpp', 438, 420 ]
209 silly gunzTarPerm extractEntry src/md5.cpp
210 silly gunzTarPerm modified mode [ 'src/md5.cpp', 438, 420 ]
211 silly gunzTarPerm extractEntry src/md5.h
212 silly gunzTarPerm modified mode [ 'src/md5.h', 438, 420 ]
213 silly gunzTarPerm extractEntry src/modp_base64/modp_b64.cc
214 silly gunzTarPerm modified mode [ 'src/modp_base64/modp_b64.cc', 438, 420 ]
215 silly gunzTarPerm extractEntry src/modp_base64/modp_b64.h
216 silly gunzTarPerm modified mode [ 'src/modp_base64/modp_b64.h', 438, 420 ]
217 silly gunzTarPerm extractEntry src/modp_base64/modp_b64_data.h
218 silly gunzTarPerm modified mode [ 'src/modp_base64/modp_b64_data.h', 438, 420 ]
219 silly gunzTarPerm extractEntry test/main.js
220 silly gunzTarPerm modified mode [ 'test/main.js', 438, 420 ]
221 silly gunzTarPerm extractEntry vendor.yml
222 silly gunzTarPerm modified mode [ 'vendor.yml', 438, 420 ]
223 silly gentlyRm /home/isumizumi/Documents/Hacktiv8/DARWINFOX_PHASE1/WEEK_4/Day4/menubar-login/node_modules/.staging/client-session-cb65e8ae/node_modules is being purged
224 verbose gentlyRm don't care about contents; nuking /home/isumizumi/Documents/Hacktiv8/DARWINFOX_PHASE1/WEEK_4/Day4/menubar-login/node_modules/.staging/client-session-cb65e8ae/node_modules
225 silly doParallel preinstall 2
226 silly preinstall cookie@0.1.2
227 info lifecycle cookie@0.1.2~preinstall: cookie@0.1.2
228 silly preinstall client-session@0.1.7
229 info lifecycle client-session@0.1.7~preinstall: client-session@0.1.7
230 silly lifecycle cookie@0.1.2~preinstall: no script for preinstall, continuing
231 silly lifecycle client-session@0.1.7~preinstall: no script for preinstall, continuing
232 silly doReverseSerial remove 0
233 silly doSerial move 0
234 silly doSerial finalize 2
235 silly finalize /home/isumizumi/Documents/Hacktiv8/DARWINFOX_PHASE1/WEEK_4/Day4/menubar-login/node_modules/client-session/node_modules/cookie
236 silly finalize /home/isumizumi/Documents/Hacktiv8/DARWINFOX_PHASE1/WEEK_4/Day4/menubar-login/node_modules/client-session
237 silly doSerial build 2
238 silly build cookie@0.1.2
239 info linkStuff cookie@0.1.2
240 silly linkStuff cookie@0.1.2 has /home/isumizumi/Documents/Hacktiv8/DARWINFOX_PHASE1/WEEK_4/Day4/menubar-login/node_modules/client-session/node_modules as its parent node_modules
241 verbose linkBins cookie@0.1.2
242 verbose linkMans cookie@0.1.2
243 silly build client-session@0.1.7
244 info linkStuff client-session@0.1.7
245 silly linkStuff client-session@0.1.7 has /home/isumizumi/Documents/Hacktiv8/DARWINFOX_PHASE1/WEEK_4/Day4/menubar-login/node_modules as its parent node_modules
246 verbose linkBins client-session@0.1.7
247 verbose linkMans client-session@0.1.7
248 silly doSerial global-link 0
249 silly doParallel update-linked 0
250 silly doSerial install 2
251 silly install cookie@0.1.2
252 info lifecycle cookie@0.1.2~install: cookie@0.1.2
253 silly lifecycle cookie@0.1.2~install: no script for install, continuing
254 silly install client-session@0.1.7
255 info lifecycle client-session@0.1.7~install: client-session@0.1.7
256 verbose lifecycle client-session@0.1.7~install: unsafe-perm in lifecycle false
257 verbose lifecycle client-session@0.1.7~install: PATH: /usr/lib/node_modules/npm/bin/node-gyp-bin:/home/isumizumi/Documents/Hacktiv8/DARWINFOX_PHASE1/WEEK_4/Day4/menubar-login/node_modules/client-session/node_modules/.bin:/home/isumizumi/Documents/Hacktiv8/DARWINFOX_PHASE1/WEEK_4/Day4/menubar-login/node_modules/.bin:/usr/local/sbin:/usr/local/bin:/usr/sbin:/usr/bin:/sbin:/bin:/usr/games:/usr/local/games
258 verbose lifecycle client-session@0.1.7~install: CWD: /home/isumizumi/Documents/Hacktiv8/DARWINFOX_PHASE1/WEEK_4/Day4/menubar-login/node_modules/client-session
259 silly lifecycle client-session@0.1.7~install: Args: [ '-c', 'node-gyp rebuild' ]
260 silly lifecycle client-session@0.1.7~install: Returned: code: 1  signal: null
261 info lifecycle client-session@0.1.7~install: Failed to exec install script
262 verbose unlock done using /root/.npm/_locks/staging-b4fadf7551257b58.lock for /home/isumizumi/Documents/Hacktiv8/DARWINFOX_PHASE1/WEEK_4/Day4/menubar-login/node_modules/.staging
263 silly rollbackFailedOptional Starting
264 silly gentlyRm /home/isumizumi/Documents/Hacktiv8/DARWINFOX_PHASE1/WEEK_4/Day4/menubar-login/node_modules/client-session/node_modules/cookie is being purged from base /home/isumizumi/Documents/Hacktiv8/DARWINFOX_PHASE1/WEEK_4/Day4/menubar-login
265 verbose gentlyRm don't care about contents; nuking /home/isumizumi/Documents/Hacktiv8/DARWINFOX_PHASE1/WEEK_4/Day4/menubar-login/node_modules/client-session/node_modules/cookie
266 silly gentlyRm /home/isumizumi/Documents/Hacktiv8/DARWINFOX_PHASE1/WEEK_4/Day4/menubar-login/node_modules/client-session/node_modules/cookie is being purged from base /home/isumizumi/Documents/Hacktiv8/DARWINFOX_PHASE1/WEEK_4/Day4/menubar-login
267 verbose gentlyRm don't care about contents; nuking /home/isumizumi/Documents/Hacktiv8/DARWINFOX_PHASE1/WEEK_4/Day4/menubar-login/node_modules/client-session/node_modules/cookie
268 silly gentlyRm /home/isumizumi/Documents/Hacktiv8/DARWINFOX_PHASE1/WEEK_4/Day4/menubar-login/node_modules/client-session/node_modules/cookie is being purged from base /home/isumizumi/Documents/Hacktiv8/DARWINFOX_PHASE1/WEEK_4/Day4/menubar-login
269 verbose gentlyRm don't care about contents; nuking /home/isumizumi/Documents/Hacktiv8/DARWINFOX_PHASE1/WEEK_4/Day4/menubar-login/node_modules/client-session/node_modules/cookie
270 silly gentlyRm /home/isumizumi/Documents/Hacktiv8/DARWINFOX_PHASE1/WEEK_4/Day4/menubar-login/node_modules/client-session/node_modules/cookie is being purged from base /home/isumizumi/Documents/Hacktiv8/DARWINFOX_PHASE1/WEEK_4/Day4/menubar-login
271 verbose gentlyRm don't care about contents; nuking /home/isumizumi/Documents/Hacktiv8/DARWINFOX_PHASE1/WEEK_4/Day4/menubar-login/node_modules/client-session/node_modules/cookie
272 silly gentlyRm /home/isumizumi/Documents/Hacktiv8/DARWINFOX_PHASE1/WEEK_4/Day4/menubar-login/node_modules/client-session/node_modules/cookie is being purged from base /home/isumizumi/Documents/Hacktiv8/DARWINFOX_PHASE1/WEEK_4/Day4/menubar-login
273 verbose gentlyRm don't care about contents; nuking /home/isumizumi/Documents/Hacktiv8/DARWINFOX_PHASE1/WEEK_4/Day4/menubar-login/node_modules/client-session/node_modules/cookie
274 silly gentlyRm /home/isumizumi/Documents/Hacktiv8/DARWINFOX_PHASE1/WEEK_4/Day4/menubar-login/node_modules/client-session/node_modules/cookie is being purged from base /home/isumizumi/Documents/Hacktiv8/DARWINFOX_PHASE1/WEEK_4/Day4/menubar-login
275 verbose gentlyRm don't care about contents; nuking /home/isumizumi/Documents/Hacktiv8/DARWINFOX_PHASE1/WEEK_4/Day4/menubar-login/node_modules/client-session/node_modules/cookie
276 silly gentlyRm /home/isumizumi/Documents/Hacktiv8/DARWINFOX_PHASE1/WEEK_4/Day4/menubar-login/node_modules/client-session/node_modules/cookie is being purged from base /home/isumizumi/Documents/Hacktiv8/DARWINFOX_PHASE1/WEEK_4/Day4/menubar-login
277 verbose gentlyRm don't care about contents; nuking /home/isumizumi/Documents/Hacktiv8/DARWINFOX_PHASE1/WEEK_4/Day4/menubar-login/node_modules/client-session/node_modules/cookie
278 silly gentlyRm /home/isumizumi/Documents/Hacktiv8/DARWINFOX_PHASE1/WEEK_4/Day4/menubar-login/node_modules/client-session/node_modules/cookie is being purged from base /home/isumizumi/Documents/Hacktiv8/DARWINFOX_PHASE1/WEEK_4/Day4/menubar-login
279 verbose gentlyRm don't care about contents; nuking /home/isumizumi/Documents/Hacktiv8/DARWINFOX_PHASE1/WEEK_4/Day4/menubar-login/node_modules/client-session/node_modules/cookie
280 silly gentlyRm /home/isumizumi/Documents/Hacktiv8/DARWINFOX_PHASE1/WEEK_4/Day4/menubar-login/node_modules/client-session is being purged from base /home/isumizumi/Documents/Hacktiv8/DARWINFOX_PHASE1/WEEK_4/Day4/menubar-login
281 verbose gentlyRm don't care about contents; nuking /home/isumizumi/Documents/Hacktiv8/DARWINFOX_PHASE1/WEEK_4/Day4/menubar-login/node_modules/client-session
282 silly gentlyRm /home/isumizumi/Documents/Hacktiv8/DARWINFOX_PHASE1/WEEK_4/Day4/menubar-login/node_modules/client-session is being purged from base /home/isumizumi/Documents/Hacktiv8/DARWINFOX_PHASE1/WEEK_4/Day4/menubar-login
283 verbose gentlyRm don't care about contents; nuking /home/isumizumi/Documents/Hacktiv8/DARWINFOX_PHASE1/WEEK_4/Day4/menubar-login/node_modules/client-session
284 silly gentlyRm /home/isumizumi/Documents/Hacktiv8/DARWINFOX_PHASE1/WEEK_4/Day4/menubar-login/node_modules/client-session is being purged from base /home/isumizumi/Documents/Hacktiv8/DARWINFOX_PHASE1/WEEK_4/Day4/menubar-login
285 verbose gentlyRm don't care about contents; nuking /home/isumizumi/Documents/Hacktiv8/DARWINFOX_PHASE1/WEEK_4/Day4/menubar-login/node_modules/client-session
286 silly gentlyRm /home/isumizumi/Documents/Hacktiv8/DARWINFOX_PHASE1/WEEK_4/Day4/menubar-login/node_modules/client-session is being purged from base /home/isumizumi/Documents/Hacktiv8/DARWINFOX_PHASE1/WEEK_4/Day4/menubar-login
287 verbose gentlyRm don't care about contents; nuking /home/isumizumi/Documents/Hacktiv8/DARWINFOX_PHASE1/WEEK_4/Day4/menubar-login/node_modules/client-session
288 silly gentlyRm /home/isumizumi/Documents/Hacktiv8/DARWINFOX_PHASE1/WEEK_4/Day4/menubar-login/node_modules/client-session is being purged from base /home/isumizumi/Documents/Hacktiv8/DARWINFOX_PHASE1/WEEK_4/Day4/menubar-login
289 verbose gentlyRm don't care about contents; nuking /home/isumizumi/Documents/Hacktiv8/DARWINFOX_PHASE1/WEEK_4/Day4/menubar-login/node_modules/client-session
290 silly gentlyRm /home/isumizumi/Documents/Hacktiv8/DARWINFOX_PHASE1/WEEK_4/Day4/menubar-login/node_modules/client-session is being purged from base /home/isumizumi/Documents/Hacktiv8/DARWINFOX_PHASE1/WEEK_4/Day4/menubar-login
291 verbose gentlyRm don't care about contents; nuking /home/isumizumi/Documents/Hacktiv8/DARWINFOX_PHASE1/WEEK_4/Day4/menubar-login/node_modules/client-session
292 silly gentlyRm /home/isumizumi/Documents/Hacktiv8/DARWINFOX_PHASE1/WEEK_4/Day4/menubar-login/node_modules/client-session is being purged from base /home/isumizumi/Documents/Hacktiv8/DARWINFOX_PHASE1/WEEK_4/Day4/menubar-login
293 verbose gentlyRm don't care about contents; nuking /home/isumizumi/Documents/Hacktiv8/DARWINFOX_PHASE1/WEEK_4/Day4/menubar-login/node_modules/client-session
294 silly gentlyRm /home/isumizumi/Documents/Hacktiv8/DARWINFOX_PHASE1/WEEK_4/Day4/menubar-login/node_modules/client-session is being purged from base /home/isumizumi/Documents/Hacktiv8/DARWINFOX_PHASE1/WEEK_4/Day4/menubar-login
295 verbose gentlyRm don't care about contents; nuking /home/isumizumi/Documents/Hacktiv8/DARWINFOX_PHASE1/WEEK_4/Day4/menubar-login/node_modules/client-session
296 silly vacuum-fs purging /home/isumizumi/Documents/Hacktiv8/DARWINFOX_PHASE1/WEEK_4/Day4/menubar-login/node_modules/client-session/node_modules/cookie
297 silly vacuum-fs purging /home/isumizumi/Documents/Hacktiv8/DARWINFOX_PHASE1/WEEK_4/Day4/menubar-login/node_modules/client-session/node_modules/cookie
298 silly vacuum-fs purging /home/isumizumi/Documents/Hacktiv8/DARWINFOX_PHASE1/WEEK_4/Day4/menubar-login/node_modules/client-session/node_modules/cookie
299 silly vacuum-fs purging /home/isumizumi/Documents/Hacktiv8/DARWINFOX_PHASE1/WEEK_4/Day4/menubar-login/node_modules/client-session/node_modules/cookie
300 silly vacuum-fs purging /home/isumizumi/Documents/Hacktiv8/DARWINFOX_PHASE1/WEEK_4/Day4/menubar-login/node_modules/client-session/node_modules/cookie
301 silly vacuum-fs purging /home/isumizumi/Documents/Hacktiv8/DARWINFOX_PHASE1/WEEK_4/Day4/menubar-login/node_modules/client-session/node_modules/cookie
302 silly vacuum-fs purging /home/isumizumi/Documents/Hacktiv8/DARWINFOX_PHASE1/WEEK_4/Day4/menubar-login/node_modules/client-session/node_modules/cookie
303 silly vacuum-fs purging /home/isumizumi/Documents/Hacktiv8/DARWINFOX_PHASE1/WEEK_4/Day4/menubar-login/node_modules/client-session/node_modules/cookie
304 silly vacuum-fs purging /home/isumizumi/Documents/Hacktiv8/DARWINFOX_PHASE1/WEEK_4/Day4/menubar-login/node_modules/client-session
305 silly vacuum-fs purging /home/isumizumi/Documents/Hacktiv8/DARWINFOX_PHASE1/WEEK_4/Day4/menubar-login/node_modules/client-session
306 silly vacuum-fs purging /home/isumizumi/Documents/Hacktiv8/DARWINFOX_PHASE1/WEEK_4/Day4/menubar-login/node_modules/client-session
307 silly vacuum-fs purging /home/isumizumi/Documents/Hacktiv8/DARWINFOX_PHASE1/WEEK_4/Day4/menubar-login/node_modules/client-session
308 silly vacuum-fs purging /home/isumizumi/Documents/Hacktiv8/DARWINFOX_PHASE1/WEEK_4/Day4/menubar-login/node_modules/client-session
309 silly vacuum-fs purging /home/isumizumi/Documents/Hacktiv8/DARWINFOX_PHASE1/WEEK_4/Day4/menubar-login/node_modules/client-session
310 silly vacuum-fs purging /home/isumizumi/Documents/Hacktiv8/DARWINFOX_PHASE1/WEEK_4/Day4/menubar-login/node_modules/client-session
311 silly vacuum-fs purging /home/isumizumi/Documents/Hacktiv8/DARWINFOX_PHASE1/WEEK_4/Day4/menubar-login/node_modules/client-session
312 silly vacuum-fs removing /home/isumizumi/Documents/Hacktiv8/DARWINFOX_PHASE1/WEEK_4/Day4/menubar-login/node_modules/client-session/node_modules
313 silly vacuum-fs removing /home/isumizumi/Documents/Hacktiv8/DARWINFOX_PHASE1/WEEK_4/Day4/menubar-login/node_modules/client-session/node_modules
314 silly vacuum-fs removing /home/isumizumi/Documents/Hacktiv8/DARWINFOX_PHASE1/WEEK_4/Day4/menubar-login/node_modules/client-session/node_modules
315 silly vacuum-fs removing /home/isumizumi/Documents/Hacktiv8/DARWINFOX_PHASE1/WEEK_4/Day4/menubar-login/node_modules/client-session/node_modules
316 silly vacuum-fs removing /home/isumizumi/Documents/Hacktiv8/DARWINFOX_PHASE1/WEEK_4/Day4/menubar-login/node_modules/client-session/node_modules
317 silly vacuum-fs removing /home/isumizumi/Documents/Hacktiv8/DARWINFOX_PHASE1/WEEK_4/Day4/menubar-login/node_modules/client-session/node_modules
318 silly vacuum-fs removing /home/isumizumi/Documents/Hacktiv8/DARWINFOX_PHASE1/WEEK_4/Day4/menubar-login/node_modules/client-session/node_modules
319 silly vacuum-fs removing /home/isumizumi/Documents/Hacktiv8/DARWINFOX_PHASE1/WEEK_4/Day4/menubar-login/node_modules/client-session/node_modules
320 silly vacuum-fs quitting because other entries in /home/isumizumi/Documents/Hacktiv8/DARWINFOX_PHASE1/WEEK_4/Day4/menubar-login/node_modules
321 silly vacuum-fs quitting because other entries in /home/isumizumi/Documents/Hacktiv8/DARWINFOX_PHASE1/WEEK_4/Day4/menubar-login/node_modules
322 silly vacuum-fs quitting because other entries in /home/isumizumi/Documents/Hacktiv8/DARWINFOX_PHASE1/WEEK_4/Day4/menubar-login/node_modules
323 silly vacuum-fs quitting because other entries in /home/isumizumi/Documents/Hacktiv8/DARWINFOX_PHASE1/WEEK_4/Day4/menubar-login/node_modules
324 silly vacuum-fs quitting because other entries in /home/isumizumi/Documents/Hacktiv8/DARWINFOX_PHASE1/WEEK_4/Day4/menubar-login/node_modules
325 silly vacuum-fs quitting because other entries in /home/isumizumi/Documents/Hacktiv8/DARWINFOX_PHASE1/WEEK_4/Day4/menubar-login/node_modules
326 silly vacuum-fs quitting because other entries in /home/isumizumi/Documents/Hacktiv8/DARWINFOX_PHASE1/WEEK_4/Day4/menubar-login/node_modules
327 silly vacuum-fs quitting because other entries in /home/isumizumi/Documents/Hacktiv8/DARWINFOX_PHASE1/WEEK_4/Day4/menubar-login/node_modules
328 silly rollbackFailedOptional Finishing
329 silly runTopLevelLifecycles Finishing
330 silly install printInstalled
331 warn optional SKIPPING OPTIONAL DEPENDENCY: fsevents@^1.0.0 (node_modules/chokidar/node_modules/fsevents):
332 warn notsup SKIPPING OPTIONAL DEPENDENCY: Unsupported platform for fsevents@1.1.1: wanted {"os":"darwin","arch":"any"} (current: {"os":"linux","arch":"x64"})
333 verbose notsup SKIPPING OPTIONAL DEPENDENCY: Valid OS:    darwin
333 verbose notsup SKIPPING OPTIONAL DEPENDENCY: Valid Arch:  any
333 verbose notsup SKIPPING OPTIONAL DEPENDENCY: Actual OS:   linux
333 verbose notsup SKIPPING OPTIONAL DEPENDENCY: Actual Arch: x64
334 verbose stack Error: client-session@0.1.7 install: `node-gyp rebuild`
334 verbose stack Exit status 1
334 verbose stack     at EventEmitter.<anonymous> (/usr/lib/node_modules/npm/lib/utils/lifecycle.js:279:16)
334 verbose stack     at emitTwo (events.js:106:13)
334 verbose stack     at EventEmitter.emit (events.js:192:7)
334 verbose stack     at ChildProcess.<anonymous> (/usr/lib/node_modules/npm/lib/utils/spawn.js:40:14)
334 verbose stack     at emitTwo (events.js:106:13)
334 verbose stack     at ChildProcess.emit (events.js:192:7)
334 verbose stack     at maybeClose (internal/child_process.js:890:16)
334 verbose stack     at Process.ChildProcess._handle.onexit (internal/child_process.js:226:5)
335 verbose pkgid client-session@0.1.7
336 verbose cwd /home/isumizumi/Documents/Hacktiv8/DARWINFOX_PHASE1/WEEK_4/Day4/menubar-login
337 error Linux 4.4.0-64-generic
338 error argv "/usr/bin/nodejs" "/usr/bin/npm" "install" "client-session"
339 error node v7.5.0
340 error npm  v4.1.2
341 error code ELIFECYCLE
342 error client-session@0.1.7 install: `node-gyp rebuild`
342 error Exit status 1
343 error Failed at the client-session@0.1.7 install script 'node-gyp rebuild'.
343 error Make sure you have the latest version of node.js and npm installed.
343 error If you do, this is most likely a problem with the client-session package,
343 error not with npm itself.
343 error Tell the author that this fails on your system:
343 error     node-gyp rebuild
343 error You can get information on how to open an issue for this project with:
343 error     npm bugs client-session
343 error Or if that isn't available, you can get their info via:
343 error     npm owner ls client-session
343 error There is likely additional logging output above.
344 verbose exit [ 1, true ]
